<?xml version="1.0" encoding="UTF-8"?>
<testsuite xmlns:xsi="http://www.w3.org/2001/XMLSchema-instance" xsi:noNamespaceSchemaLocation="https://maven.apache.org/surefire/maven-surefire-plugin/xsd/surefire-test-report-3.0.xsd" version="3.0" name="com.StockMarket.APIStockMarket.Controller.MarketControllerTest" time="2.99" tests="33" errors="0" skipped="0" failures="0">
  <properties>
    <property name="java.specification.version" value="21"/>
    <property name="sun.cpu.isalist" value="amd64"/>
    <property name="sun.jnu.encoding" value="Cp1252"/>
    <property name="java.class.path" value="F:\Universidades\UNICAUCA\S6\Ingenieria de software\FINAL\Repo\Server\API-StockMarket\target\test-classes;F:\Universidades\UNICAUCA\S6\Ingenieria de software\FINAL\Repo\Server\API-StockMarket\target\classes;C:\Users\Usuario\.m2\repository\org\springframework\boot\spring-boot-starter-web\3.1.5\spring-boot-starter-web-3.1.5.jar;C:\Users\Usuario\.m2\repository\org\springframework\boot\spring-boot-starter\3.1.5\spring-boot-starter-3.1.5.jar;C:\Users\Usuario\.m2\repository\org\springframework\boot\spring-boot\3.1.5\spring-boot-3.1.5.jar;C:\Users\Usuario\.m2\repository\org\springframework\boot\spring-boot-autoconfigure\3.1.5\spring-boot-autoconfigure-3.1.5.jar;C:\Users\Usuario\.m2\repository\org\springframework\boot\spring-boot-starter-logging\3.1.5\spring-boot-starter-logging-3.1.5.jar;C:\Users\Usuario\.m2\repository\ch\qos\logback\logback-classic\1.4.11\logback-classic-1.4.11.jar;C:\Users\Usuario\.m2\repository\ch\qos\logback\logback-core\1.4.11\logback-core-1.4.11.jar;C:\Users\Usuario\.m2\repository\org\apache\logging\log4j\log4j-to-slf4j\2.20.0\log4j-to-slf4j-2.20.0.jar;C:\Users\Usuario\.m2\repository\org\apache\logging\log4j\log4j-api\2.20.0\log4j-api-2.20.0.jar;C:\Users\Usuario\.m2\repository\org\slf4j\jul-to-slf4j\2.0.9\jul-to-slf4j-2.0.9.jar;C:\Users\Usuario\.m2\repository\jakarta\annotation\jakarta.annotation-api\2.1.1\jakarta.annotation-api-2.1.1.jar;C:\Users\Usuario\.m2\repository\org\yaml\snakeyaml\1.33\snakeyaml-1.33.jar;C:\Users\Usuario\.m2\repository\org\springframework\boot\spring-boot-starter-json\3.1.5\spring-boot-starter-json-3.1.5.jar;C:\Users\Usuario\.m2\repository\com\fasterxml\jackson\core\jackson-databind\2.15.3\jackson-databind-2.15.3.jar;C:\Users\Usuario\.m2\repository\com\fasterxml\jackson\core\jackson-annotations\2.15.3\jackson-annotations-2.15.3.jar;C:\Users\Usuario\.m2\repository\com\fasterxml\jackson\core\jackson-core\2.15.3\jackson-core-2.15.3.jar;C:\Users\Usuario\.m2\repository\com\fasterxml\jackson\datatype\jackson-datatype-jdk8\2.15.3\jackson-datatype-jdk8-2.15.3.jar;C:\Users\Usuario\.m2\repository\com\fasterxml\jackson\datatype\jackson-datatype-jsr310\2.15.3\jackson-datatype-jsr310-2.15.3.jar;C:\Users\Usuario\.m2\repository\com\fasterxml\jackson\module\jackson-module-parameter-names\2.15.3\jackson-module-parameter-names-2.15.3.jar;C:\Users\Usuario\.m2\repository\org\springframework\boot\spring-boot-starter-tomcat\3.1.5\spring-boot-starter-tomcat-3.1.5.jar;C:\Users\Usuario\.m2\repository\org\apache\tomcat\embed\tomcat-embed-core\10.1.15\tomcat-embed-core-10.1.15.jar;C:\Users\Usuario\.m2\repository\org\apache\tomcat\embed\tomcat-embed-el\10.1.15\tomcat-embed-el-10.1.15.jar;C:\Users\Usuario\.m2\repository\org\apache\tomcat\embed\tomcat-embed-websocket\10.1.15\tomcat-embed-websocket-10.1.15.jar;C:\Users\Usuario\.m2\repository\org\springframework\spring-web\6.0.13\spring-web-6.0.13.jar;C:\Users\Usuario\.m2\repository\org\springframework\spring-beans\6.0.13\spring-beans-6.0.13.jar;C:\Users\Usuario\.m2\repository\io\micrometer\micrometer-observation\1.11.5\micrometer-observation-1.11.5.jar;C:\Users\Usuario\.m2\repository\io\micrometer\micrometer-commons\1.11.5\micrometer-commons-1.11.5.jar;C:\Users\Usuario\.m2\repository\org\springframework\spring-webmvc\6.0.13\spring-webmvc-6.0.13.jar;C:\Users\Usuario\.m2\repository\org\springframework\spring-aop\6.0.13\spring-aop-6.0.13.jar;C:\Users\Usuario\.m2\repository\org\springframework\spring-context\6.0.13\spring-context-6.0.13.jar;C:\Users\Usuario\.m2\repository\org\springframework\spring-expression\6.0.13\spring-expression-6.0.13.jar;C:\Users\Usuario\.m2\repository\org\projectlombok\lombok\1.18.30\lombok-1.18.30.jar;C:\Users\Usuario\.m2\repository\org\springframework\boot\spring-boot-starter-test\3.1.5\spring-boot-starter-test-3.1.5.jar;C:\Users\Usuario\.m2\repository\org\springframework\boot\spring-boot-test\3.1.5\spring-boot-test-3.1.5.jar;C:\Users\Usuario\.m2\repository\org\springframework\boot\spring-boot-test-autoconfigure\3.1.5\spring-boot-test-autoconfigure-3.1.5.jar;C:\Users\Usuario\.m2\repository\com\jayway\jsonpath\json-path\2.8.0\json-path-2.8.0.jar;C:\Users\Usuario\.m2\repository\jakarta\xml\bind\jakarta.xml.bind-api\4.0.1\jakarta.xml.bind-api-4.0.1.jar;C:\Users\Usuario\.m2\repository\jakarta\activation\jakarta.activation-api\2.1.2\jakarta.activation-api-2.1.2.jar;C:\Users\Usuario\.m2\repository\net\minidev\json-smart\2.4.11\json-smart-2.4.11.jar;C:\Users\Usuario\.m2\repository\net\minidev\accessors-smart\2.4.11\accessors-smart-2.4.11.jar;C:\Users\Usuario\.m2\repository\org\ow2\asm\asm\9.3\asm-9.3.jar;C:\Users\Usuario\.m2\repository\org\assertj\assertj-core\3.24.2\assertj-core-3.24.2.jar;C:\Users\Usuario\.m2\repository\net\bytebuddy\byte-buddy\1.14.9\byte-buddy-1.14.9.jar;C:\Users\Usuario\.m2\repository\org\hamcrest\hamcrest\2.2\hamcrest-2.2.jar;C:\Users\Usuario\.m2\repository\org\junit\jupiter\junit-jupiter\5.9.3\junit-jupiter-5.9.3.jar;C:\Users\Usuario\.m2\repository\org\junit\jupiter\junit-jupiter-api\5.9.3\junit-jupiter-api-5.9.3.jar;C:\Users\Usuario\.m2\repository\org\opentest4j\opentest4j\1.2.0\opentest4j-1.2.0.jar;C:\Users\Usuario\.m2\repository\org\junit\platform\junit-platform-commons\1.9.3\junit-platform-commons-1.9.3.jar;C:\Users\Usuario\.m2\repository\org\apiguardian\apiguardian-api\1.1.2\apiguardian-api-1.1.2.jar;C:\Users\Usuario\.m2\repository\org\junit\jupiter\junit-jupiter-params\5.9.3\junit-jupiter-params-5.9.3.jar;C:\Users\Usuario\.m2\repository\org\junit\jupiter\junit-jupiter-engine\5.9.3\junit-jupiter-engine-5.9.3.jar;C:\Users\Usuario\.m2\repository\org\junit\platform\junit-platform-engine\1.9.3\junit-platform-engine-1.9.3.jar;C:\Users\Usuario\.m2\repository\org\mockito\mockito-core\5.3.1\mockito-core-5.3.1.jar;C:\Users\Usuario\.m2\repository\net\bytebuddy\byte-buddy-agent\1.14.9\byte-buddy-agent-1.14.9.jar;C:\Users\Usuario\.m2\repository\org\objenesis\objenesis\3.3\objenesis-3.3.jar;C:\Users\Usuario\.m2\repository\org\mockito\mockito-junit-jupiter\5.3.1\mockito-junit-jupiter-5.3.1.jar;C:\Users\Usuario\.m2\repository\org\skyscreamer\jsonassert\1.5.1\jsonassert-1.5.1.jar;C:\Users\Usuario\.m2\repository\com\vaadin\external\google\android-json\0.0.20131108.vaadin1\android-json-0.0.20131108.vaadin1.jar;C:\Users\Usuario\.m2\repository\org\springframework\spring-core\6.0.13\spring-core-6.0.13.jar;C:\Users\Usuario\.m2\repository\org\springframework\spring-jcl\6.0.13\spring-jcl-6.0.13.jar;C:\Users\Usuario\.m2\repository\org\springframework\spring-test\6.0.13\spring-test-6.0.13.jar;C:\Users\Usuario\.m2\repository\org\xmlunit\xmlunit-core\2.9.1\xmlunit-core-2.9.1.jar;C:\Users\Usuario\.m2\repository\org\mockito\mockito-all\1.10.19\mockito-all-1.10.19.jar;C:\Users\Usuario\.m2\repository\org\springdoc\springdoc-openapi-starter-webmvc-ui\2.2.0\springdoc-openapi-starter-webmvc-ui-2.2.0.jar;C:\Users\Usuario\.m2\repository\org\springdoc\springdoc-openapi-starter-webmvc-api\2.2.0\springdoc-openapi-starter-webmvc-api-2.2.0.jar;C:\Users\Usuario\.m2\repository\org\springdoc\springdoc-openapi-starter-common\2.2.0\springdoc-openapi-starter-common-2.2.0.jar;C:\Users\Usuario\.m2\repository\io\swagger\core\v3\swagger-core-jakarta\2.2.15\swagger-core-jakarta-2.2.15.jar;C:\Users\Usuario\.m2\repository\org\apache\commons\commons-lang3\3.12.0\commons-lang3-3.12.0.jar;C:\Users\Usuario\.m2\repository\io\swagger\core\v3\swagger-annotations-jakarta\2.2.15\swagger-annotations-jakarta-2.2.15.jar;C:\Users\Usuario\.m2\repository\io\swagger\core\v3\swagger-models-jakarta\2.2.15\swagger-models-jakarta-2.2.15.jar;C:\Users\Usuario\.m2\repository\jakarta\validation\jakarta.validation-api\3.0.2\jakarta.validation-api-3.0.2.jar;C:\Users\Usuario\.m2\repository\com\fasterxml\jackson\dataformat\jackson-dataformat-yaml\2.15.3\jackson-dataformat-yaml-2.15.3.jar;C:\Users\Usuario\.m2\repository\org\webjars\swagger-ui\5.2.0\swagger-ui-5.2.0.jar;C:\Users\Usuario\.m2\repository\com\StockMarket\StockMarket-Commons\1\StockMarket-Commons-1.jar;C:\Users\Usuario\.m2\repository\com\rabbitmq\amqp-client\5.20.0\amqp-client-5.20.0.jar;C:\Users\Usuario\.m2\repository\org\slf4j\slf4j-api\2.0.9\slf4j-api-2.0.9.jar;"/>
    <property name="java.vm.vendor" value="Oracle Corporation"/>
    <property name="sun.arch.data.model" value="64"/>
    <property name="user.variant" value=""/>
    <property name="java.vendor.url" value="https://java.oracle.com/"/>
    <property name="user.timezone" value="America/Bogota"/>
    <property name="os.name" value="Windows 11"/>
    <property name="java.vm.specification.version" value="21"/>
    <property name="user.country" value="CO"/>
    <property name="sun.java.launcher" value="SUN_STANDARD"/>
    <property name="sun.boot.library.path" value="C:\Program Files\Java\jdk-21\bin"/>
    <property name="sun.java.command" value="C:\Users\Usuario\AppData\Local\Temp\surefire6961876854994989096\surefirebooter-20231211214308492_3.jar C:\Users\Usuario\AppData\Local\Temp\surefire6961876854994989096 2023-12-11T21-43-07_833-jvmRun1 surefire-20231211214308492_1tmp surefire_0-20231211214308492_2tmp"/>
    <property name="jdk.debug" value="release"/>
    <property name="surefire.test.class.path" value="F:\Universidades\UNICAUCA\S6\Ingenieria de software\FINAL\Repo\Server\API-StockMarket\target\test-classes;F:\Universidades\UNICAUCA\S6\Ingenieria de software\FINAL\Repo\Server\API-StockMarket\target\classes;C:\Users\Usuario\.m2\repository\org\springframework\boot\spring-boot-starter-web\3.1.5\spring-boot-starter-web-3.1.5.jar;C:\Users\Usuario\.m2\repository\org\springframework\boot\spring-boot-starter\3.1.5\spring-boot-starter-3.1.5.jar;C:\Users\Usuario\.m2\repository\org\springframework\boot\spring-boot\3.1.5\spring-boot-3.1.5.jar;C:\Users\Usuario\.m2\repository\org\springframework\boot\spring-boot-autoconfigure\3.1.5\spring-boot-autoconfigure-3.1.5.jar;C:\Users\Usuario\.m2\repository\org\springframework\boot\spring-boot-starter-logging\3.1.5\spring-boot-starter-logging-3.1.5.jar;C:\Users\Usuario\.m2\repository\ch\qos\logback\logback-classic\1.4.11\logback-classic-1.4.11.jar;C:\Users\Usuario\.m2\repository\ch\qos\logback\logback-core\1.4.11\logback-core-1.4.11.jar;C:\Users\Usuario\.m2\repository\org\apache\logging\log4j\log4j-to-slf4j\2.20.0\log4j-to-slf4j-2.20.0.jar;C:\Users\Usuario\.m2\repository\org\apache\logging\log4j\log4j-api\2.20.0\log4j-api-2.20.0.jar;C:\Users\Usuario\.m2\repository\org\slf4j\jul-to-slf4j\2.0.9\jul-to-slf4j-2.0.9.jar;C:\Users\Usuario\.m2\repository\jakarta\annotation\jakarta.annotation-api\2.1.1\jakarta.annotation-api-2.1.1.jar;C:\Users\Usuario\.m2\repository\org\yaml\snakeyaml\1.33\snakeyaml-1.33.jar;C:\Users\Usuario\.m2\repository\org\springframework\boot\spring-boot-starter-json\3.1.5\spring-boot-starter-json-3.1.5.jar;C:\Users\Usuario\.m2\repository\com\fasterxml\jackson\core\jackson-databind\2.15.3\jackson-databind-2.15.3.jar;C:\Users\Usuario\.m2\repository\com\fasterxml\jackson\core\jackson-annotations\2.15.3\jackson-annotations-2.15.3.jar;C:\Users\Usuario\.m2\repository\com\fasterxml\jackson\core\jackson-core\2.15.3\jackson-core-2.15.3.jar;C:\Users\Usuario\.m2\repository\com\fasterxml\jackson\datatype\jackson-datatype-jdk8\2.15.3\jackson-datatype-jdk8-2.15.3.jar;C:\Users\Usuario\.m2\repository\com\fasterxml\jackson\datatype\jackson-datatype-jsr310\2.15.3\jackson-datatype-jsr310-2.15.3.jar;C:\Users\Usuario\.m2\repository\com\fasterxml\jackson\module\jackson-module-parameter-names\2.15.3\jackson-module-parameter-names-2.15.3.jar;C:\Users\Usuario\.m2\repository\org\springframework\boot\spring-boot-starter-tomcat\3.1.5\spring-boot-starter-tomcat-3.1.5.jar;C:\Users\Usuario\.m2\repository\org\apache\tomcat\embed\tomcat-embed-core\10.1.15\tomcat-embed-core-10.1.15.jar;C:\Users\Usuario\.m2\repository\org\apache\tomcat\embed\tomcat-embed-el\10.1.15\tomcat-embed-el-10.1.15.jar;C:\Users\Usuario\.m2\repository\org\apache\tomcat\embed\tomcat-embed-websocket\10.1.15\tomcat-embed-websocket-10.1.15.jar;C:\Users\Usuario\.m2\repository\org\springframework\spring-web\6.0.13\spring-web-6.0.13.jar;C:\Users\Usuario\.m2\repository\org\springframework\spring-beans\6.0.13\spring-beans-6.0.13.jar;C:\Users\Usuario\.m2\repository\io\micrometer\micrometer-observation\1.11.5\micrometer-observation-1.11.5.jar;C:\Users\Usuario\.m2\repository\io\micrometer\micrometer-commons\1.11.5\micrometer-commons-1.11.5.jar;C:\Users\Usuario\.m2\repository\org\springframework\spring-webmvc\6.0.13\spring-webmvc-6.0.13.jar;C:\Users\Usuario\.m2\repository\org\springframework\spring-aop\6.0.13\spring-aop-6.0.13.jar;C:\Users\Usuario\.m2\repository\org\springframework\spring-context\6.0.13\spring-context-6.0.13.jar;C:\Users\Usuario\.m2\repository\org\springframework\spring-expression\6.0.13\spring-expression-6.0.13.jar;C:\Users\Usuario\.m2\repository\org\projectlombok\lombok\1.18.30\lombok-1.18.30.jar;C:\Users\Usuario\.m2\repository\org\springframework\boot\spring-boot-starter-test\3.1.5\spring-boot-starter-test-3.1.5.jar;C:\Users\Usuario\.m2\repository\org\springframework\boot\spring-boot-test\3.1.5\spring-boot-test-3.1.5.jar;C:\Users\Usuario\.m2\repository\org\springframework\boot\spring-boot-test-autoconfigure\3.1.5\spring-boot-test-autoconfigure-3.1.5.jar;C:\Users\Usuario\.m2\repository\com\jayway\jsonpath\json-path\2.8.0\json-path-2.8.0.jar;C:\Users\Usuario\.m2\repository\jakarta\xml\bind\jakarta.xml.bind-api\4.0.1\jakarta.xml.bind-api-4.0.1.jar;C:\Users\Usuario\.m2\repository\jakarta\activation\jakarta.activation-api\2.1.2\jakarta.activation-api-2.1.2.jar;C:\Users\Usuario\.m2\repository\net\minidev\json-smart\2.4.11\json-smart-2.4.11.jar;C:\Users\Usuario\.m2\repository\net\minidev\accessors-smart\2.4.11\accessors-smart-2.4.11.jar;C:\Users\Usuario\.m2\repository\org\ow2\asm\asm\9.3\asm-9.3.jar;C:\Users\Usuario\.m2\repository\org\assertj\assertj-core\3.24.2\assertj-core-3.24.2.jar;C:\Users\Usuario\.m2\repository\net\bytebuddy\byte-buddy\1.14.9\byte-buddy-1.14.9.jar;C:\Users\Usuario\.m2\repository\org\hamcrest\hamcrest\2.2\hamcrest-2.2.jar;C:\Users\Usuario\.m2\repository\org\junit\jupiter\junit-jupiter\5.9.3\junit-jupiter-5.9.3.jar;C:\Users\Usuario\.m2\repository\org\junit\jupiter\junit-jupiter-api\5.9.3\junit-jupiter-api-5.9.3.jar;C:\Users\Usuario\.m2\repository\org\opentest4j\opentest4j\1.2.0\opentest4j-1.2.0.jar;C:\Users\Usuario\.m2\repository\org\junit\platform\junit-platform-commons\1.9.3\junit-platform-commons-1.9.3.jar;C:\Users\Usuario\.m2\repository\org\apiguardian\apiguardian-api\1.1.2\apiguardian-api-1.1.2.jar;C:\Users\Usuario\.m2\repository\org\junit\jupiter\junit-jupiter-params\5.9.3\junit-jupiter-params-5.9.3.jar;C:\Users\Usuario\.m2\repository\org\junit\jupiter\junit-jupiter-engine\5.9.3\junit-jupiter-engine-5.9.3.jar;C:\Users\Usuario\.m2\repository\org\junit\platform\junit-platform-engine\1.9.3\junit-platform-engine-1.9.3.jar;C:\Users\Usuario\.m2\repository\org\mockito\mockito-core\5.3.1\mockito-core-5.3.1.jar;C:\Users\Usuario\.m2\repository\net\bytebuddy\byte-buddy-agent\1.14.9\byte-buddy-agent-1.14.9.jar;C:\Users\Usuario\.m2\repository\org\objenesis\objenesis\3.3\objenesis-3.3.jar;C:\Users\Usuario\.m2\repository\org\mockito\mockito-junit-jupiter\5.3.1\mockito-junit-jupiter-5.3.1.jar;C:\Users\Usuario\.m2\repository\org\skyscreamer\jsonassert\1.5.1\jsonassert-1.5.1.jar;C:\Users\Usuario\.m2\repository\com\vaadin\external\google\android-json\0.0.20131108.vaadin1\android-json-0.0.20131108.vaadin1.jar;C:\Users\Usuario\.m2\repository\org\springframework\spring-core\6.0.13\spring-core-6.0.13.jar;C:\Users\Usuario\.m2\repository\org\springframework\spring-jcl\6.0.13\spring-jcl-6.0.13.jar;C:\Users\Usuario\.m2\repository\org\springframework\spring-test\6.0.13\spring-test-6.0.13.jar;C:\Users\Usuario\.m2\repository\org\xmlunit\xmlunit-core\2.9.1\xmlunit-core-2.9.1.jar;C:\Users\Usuario\.m2\repository\org\mockito\mockito-all\1.10.19\mockito-all-1.10.19.jar;C:\Users\Usuario\.m2\repository\org\springdoc\springdoc-openapi-starter-webmvc-ui\2.2.0\springdoc-openapi-starter-webmvc-ui-2.2.0.jar;C:\Users\Usuario\.m2\repository\org\springdoc\springdoc-openapi-starter-webmvc-api\2.2.0\springdoc-openapi-starter-webmvc-api-2.2.0.jar;C:\Users\Usuario\.m2\repository\org\springdoc\springdoc-openapi-starter-common\2.2.0\springdoc-openapi-starter-common-2.2.0.jar;C:\Users\Usuario\.m2\repository\io\swagger\core\v3\swagger-core-jakarta\2.2.15\swagger-core-jakarta-2.2.15.jar;C:\Users\Usuario\.m2\repository\org\apache\commons\commons-lang3\3.12.0\commons-lang3-3.12.0.jar;C:\Users\Usuario\.m2\repository\io\swagger\core\v3\swagger-annotations-jakarta\2.2.15\swagger-annotations-jakarta-2.2.15.jar;C:\Users\Usuario\.m2\repository\io\swagger\core\v3\swagger-models-jakarta\2.2.15\swagger-models-jakarta-2.2.15.jar;C:\Users\Usuario\.m2\repository\jakarta\validation\jakarta.validation-api\3.0.2\jakarta.validation-api-3.0.2.jar;C:\Users\Usuario\.m2\repository\com\fasterxml\jackson\dataformat\jackson-dataformat-yaml\2.15.3\jackson-dataformat-yaml-2.15.3.jar;C:\Users\Usuario\.m2\repository\org\webjars\swagger-ui\5.2.0\swagger-ui-5.2.0.jar;C:\Users\Usuario\.m2\repository\com\StockMarket\StockMarket-Commons\1\StockMarket-Commons-1.jar;C:\Users\Usuario\.m2\repository\com\rabbitmq\amqp-client\5.20.0\amqp-client-5.20.0.jar;C:\Users\Usuario\.m2\repository\org\slf4j\slf4j-api\2.0.9\slf4j-api-2.0.9.jar;"/>
    <property name="sun.cpu.endian" value="little"/>
    <property name="user.home" value="C:\Users\Usuario"/>
    <property name="user.language" value="es"/>
    <property name="java.specification.vendor" value="Oracle Corporation"/>
    <property name="java.version.date" value="2023-09-19"/>
    <property name="java.home" value="C:\Program Files\Java\jdk-21"/>
    <property name="file.separator" value="\"/>
    <property name="basedir" value="F:\Universidades\UNICAUCA\S6\Ingenieria de software\FINAL\Repo\Server\API-StockMarket"/>
    <property name="java.vm.compressedOopsMode" value="32-bit"/>
    <property name="line.separator" value="&#10;"/>
    <property name="java.vm.specification.vendor" value="Oracle Corporation"/>
    <property name="java.specification.name" value="Java Platform API Specification"/>
    <property name="FILE_LOG_CHARSET" value="UTF-8"/>
    <property name="java.awt.headless" value="true"/>
    <property name="surefire.real.class.path" value="C:\Users\Usuario\AppData\Local\Temp\surefire6961876854994989096\surefirebooter-20231211214308492_3.jar"/>
    <property name="user.script" value=""/>
    <property name="sun.management.compiler" value="HotSpot 64-Bit Tiered Compilers"/>
    <property name="java.runtime.version" value="21+35-LTS-2513"/>
    <property name="user.name" value="Usuario"/>
    <property name="stdout.encoding" value="Cp1252"/>
    <property name="path.separator" value=";"/>
    <property name="os.version" value="10.0"/>
    <property name="java.runtime.name" value="Java(TM) SE Runtime Environment"/>
    <property name="file.encoding" value="UTF-8"/>
    <property name="java.vm.name" value="Java HotSpot(TM) 64-Bit Server VM"/>
    <property name="maven.ext.class.path" value="C:\Program Files\NetBeans-19\netbeans\java\maven-nblib\netbeans-eventspy.jar"/>
    <property name="localRepository" value="C:\Users\Usuario\.m2\repository"/>
    <property name="java.vendor.url.bug" value="https://bugreport.java.com/bugreport/"/>
    <property name="java.io.tmpdir" value="C:\Users\Usuario\AppData\Local\Temp\"/>
    <property name="java.version" value="21"/>
    <property name="user.dir" value="F:\Universidades\UNICAUCA\S6\Ingenieria de software\FINAL\Repo\Server\API-StockMarket"/>
    <property name="os.arch" value="amd64"/>
    <property name="java.vm.specification.name" value="Java Virtual Machine Specification"/>
    <property name="PID" value="5476"/>
    <property name="sun.os.patch.level" value=""/>
    <property name="CONSOLE_LOG_CHARSET" value="UTF-8"/>
    <property name="native.encoding" value="Cp1252"/>
    <property name="java.library.path" value="C:\Program Files\Java\jdk-21\bin;C:\WINDOWS\Sun\Java\bin;C:\WINDOWS\system32;C:\WINDOWS;C:\Program Files\Common Files\Oracle\Java\javapath;C:\Program Files (x86)\Common Files\Oracle\Java\javapath;C:\app\Usuario\product\18.0.0\dbhomeXE\bin;C:\ProgramData\Oracle\Java\javapath;C:\Program Files (x86)\NVIDIA Corporation\PhysX\Common;C:\WINDOWS\system32;C:\WINDOWS;C:\WINDOWS\System32\Wbem;C:\WINDOWS\System32\WindowsPowerShell\v1.0\;C:\WINDOWS\System32\OpenSSH\;C:\Program Files\dotnet\;C:\Program Files\Microsoft SQL Server\130\Tools\Binn\;C:\Program Files\Airshipper\;F:\Archivos de programas\MATLAB\R2022b\bin;C:\Program Files\Microsoft SQL Server\150\Tools\Binn\;C:\Program Files\Microsoft SQL Server\Client SDK\ODBC\170\Tools\Binn\;C:\Program Files\nodejs\;C:\Program Files (x86)\Microsoft SQL Server\160\DTS\Binn\;C:\Program Files\Azure Data Studio\bin;C:\Program Files (x86)\Microsoft SQL Server\160\Tools\Binn\;C:\Program Files\Microsoft SQL Server\160\Tools\Binn\;C:\Program Files\Microsoft SQL Server\160\DTS\Binn\;C:\Program Files\Git\cmd;C:\Program Files\Docker\Docker\resources\bin;F:\Archivos de programas\msys32\usr\bin;F:\Archivos de programas\qemu;F:\Archivos de programas\bochs\bin;F:\Archivos de programas\cross-gcc\bin;C:\Users\Usuario\AppData\Local\Programs\Python\Python310\Scripts\;C:\Users\Usuario\AppData\Local\Programs\Python\Python310\;C:\Program Files\Java\jdk1.8.0_311\binC:\Users\Usuario\AppData\Local\Microsoft\WindowsApps;C:\Program Files\Java\jdk1.8.0_311\bin;C:\Users\Usuario\.dotnet\tools;C:\Users\Usuario\AppData\Local\Microsoft\WindowsApps;C:\Users\Usuario\AppData\Roaming\npm;C:\Program Files\Azure Data Studio\bin;C:\Users\Usuario\AppData\Local\Programs\Microsoft VS Code\bin;;."/>
    <property name="java.vm.info" value="mixed mode, sharing"/>
    <property name="stderr.encoding" value="Cp1252"/>
    <property name="java.vendor" value="Oracle Corporation"/>
    <property name="java.vm.version" value="21+35-LTS-2513"/>
    <property name="sun.io.unicode.encoding" value="UnicodeLittle"/>
    <property name="java.class.version" value="65.0"/>
  </properties>
  <testcase name="testGetStockByIdSucceed_NewPrice" classname="com.StockMarket.APIStockMarket.Controller.MarketControllerTest" time="0.569">
    <system-out><![CDATA[2023-12-11T21:43:23.665-05:00  INFO 5476 --- [           main] t.c.s.AnnotationConfigContextLoaderUtils : Could not detect default configuration classes for test class [com.StockMarket.APIStockMarket.Controller.MarketControllerTest]: MarketControllerTest does not declare any static, non-private, non-final, nested classes annotated with @Configuration.
2023-12-11T21:43:23.787-05:00  INFO 5476 --- [           main] .b.t.c.SpringBootTestContextBootstrapper : Found @SpringBootConfiguration com.StockMarket.APIStockMarket.ApiStockMarketApplication for test class com.StockMarket.APIStockMarket.Controller.MarketControllerTest

  .   ____          _            __ _ _
 /\\ / ___'_ __ _ _(_)_ __  __ _ \ \ \ \
( ( )\___ | '_ | '_| | '_ \/ _` | \ \ \ \
 \\/  ___)| |_)| | | | | || (_| |  ) ) ) )
  '  |____| .__|_| |_|_| |_\__, | / / / /
 =========|_|==============|___/=/_/_/_/
 :: Spring Boot ::                (v3.1.5)

2023-12-11T21:43:23.838-05:00  INFO 5476 --- [           main] c.S.A.Controller.MarketControllerTest    : Starting MarketControllerTest using Java 21 with PID 5476 (started by Usuario in F:\Universidades\UNICAUCA\S6\Ingenieria de software\FINAL\Repo\Server\API-StockMarket)
2023-12-11T21:43:23.838-05:00  INFO 5476 --- [           main] c.S.A.Controller.MarketControllerTest    : No active profile set, falling back to 1 default profile: "default"
2023-12-11T21:43:25.254-05:00  INFO 5476 --- [           main] c.S.A.Controller.MarketControllerTest    : Started MarketControllerTest in 1.457 seconds (process running for 15.9)
2023-12-11T21:43:25.371-05:00  INFO 5476 --- [           main] o.s.b.t.m.w.SpringBootMockServletContext : Initializing Spring TestDispatcherServlet ''
2023-12-11T21:43:25.371-05:00  INFO 5476 --- [           main] o.s.t.web.servlet.TestDispatcherServlet  : Initializing Servlet ''
2023-12-11T21:43:25.377-05:00  INFO 5476 --- [           main] o.s.t.web.servlet.TestDispatcherServlet  : Completed initialization in 1 ms
]]></system-out>
  </testcase>
  <testcase name="testAddStock_InvalidLimits" classname="com.StockMarket.APIStockMarket.Controller.MarketControllerTest" time="0.125">
    <system-out><![CDATA[2023-12-11T21:43:25.847-05:00  INFO 5476 --- [           main] o.s.b.t.m.w.SpringBootMockServletContext : Initializing Spring TestDispatcherServlet ''
2023-12-11T21:43:25.848-05:00  INFO 5476 --- [           main] o.s.t.web.servlet.TestDispatcherServlet  : Initializing Servlet ''
2023-12-11T21:43:25.849-05:00  INFO 5476 --- [           main] o.s.t.web.servlet.TestDispatcherServlet  : Completed initialization in 1 ms
]]></system-out>
  </testcase>
  <testcase name="testAddStock_StockDoesNotExist" classname="com.StockMarket.APIStockMarket.Controller.MarketControllerTest" time="0.027">
    <system-out><![CDATA[2023-12-11T21:43:25.979-05:00  INFO 5476 --- [           main] o.s.b.t.m.w.SpringBootMockServletContext : Initializing Spring TestDispatcherServlet ''
2023-12-11T21:43:25.979-05:00  INFO 5476 --- [           main] o.s.t.web.servlet.TestDispatcherServlet  : Initializing Servlet ''
2023-12-11T21:43:25.981-05:00  INFO 5476 --- [           main] o.s.t.web.servlet.TestDispatcherServlet  : Completed initialization in 2 ms
]]></system-out>
  </testcase>
  <testcase name="testGetStockByIdSucceed_SamePrice" classname="com.StockMarket.APIStockMarket.Controller.MarketControllerTest" time="0.017">
    <system-out><![CDATA[2023-12-11T21:43:26.011-05:00  INFO 5476 --- [           main] o.s.b.t.m.w.SpringBootMockServletContext : Initializing Spring TestDispatcherServlet ''
2023-12-11T21:43:26.012-05:00  INFO 5476 --- [           main] o.s.t.web.servlet.TestDispatcherServlet  : Initializing Servlet ''
2023-12-11T21:43:26.013-05:00  INFO 5476 --- [           main] o.s.t.web.servlet.TestDispatcherServlet  : Completed initialization in 1 ms
]]></system-out>
  </testcase>
  <testcase name="testUpdateStock_LowerLimitUserDoesNotExist" classname="com.StockMarket.APIStockMarket.Controller.MarketControllerTest" time="0.023">
    <system-out><![CDATA[2023-12-11T21:43:26.032-05:00  INFO 5476 --- [           main] o.s.b.t.m.w.SpringBootMockServletContext : Initializing Spring TestDispatcherServlet ''
2023-12-11T21:43:26.032-05:00  INFO 5476 --- [           main] o.s.t.web.servlet.TestDispatcherServlet  : Initializing Servlet ''
2023-12-11T21:43:26.034-05:00  INFO 5476 --- [           main] o.s.t.web.servlet.TestDispatcherServlet  : Completed initialization in 1 ms
]]></system-out>
  </testcase>
  <testcase name="testAddStock_StockIdMissing" classname="com.StockMarket.APIStockMarket.Controller.MarketControllerTest" time="0.017">
    <system-out><![CDATA[2023-12-11T21:43:26.059-05:00  INFO 5476 --- [           main] o.s.b.t.m.w.SpringBootMockServletContext : Initializing Spring TestDispatcherServlet ''
2023-12-11T21:43:26.059-05:00  INFO 5476 --- [           main] o.s.t.web.servlet.TestDispatcherServlet  : Initializing Servlet ''
2023-12-11T21:43:26.059-05:00  INFO 5476 --- [           main] o.s.t.web.servlet.TestDispatcherServlet  : Completed initialization in 0 ms
]]></system-out>
  </testcase>
  <testcase name="testUpdateStockSucceed_LowerLimit" classname="com.StockMarket.APIStockMarket.Controller.MarketControllerTest" time="0.026">
    <system-out><![CDATA[2023-12-11T21:43:26.079-05:00  INFO 5476 --- [           main] o.s.b.t.m.w.SpringBootMockServletContext : Initializing Spring TestDispatcherServlet ''
2023-12-11T21:43:26.079-05:00  INFO 5476 --- [           main] o.s.t.web.servlet.TestDispatcherServlet  : Initializing Servlet ''
2023-12-11T21:43:26.082-05:00  INFO 5476 --- [           main] o.s.t.web.servlet.TestDispatcherServlet  : Completed initialization in 0 ms
]]></system-out>
  </testcase>
  <testcase name="testGetStocksSucceed_UserDoesNotExist" classname="com.StockMarket.APIStockMarket.Controller.MarketControllerTest" time="0.017">
    <system-out><![CDATA[2023-12-11T21:43:26.109-05:00  INFO 5476 --- [           main] o.s.b.t.m.w.SpringBootMockServletContext : Initializing Spring TestDispatcherServlet ''
2023-12-11T21:43:26.110-05:00  INFO 5476 --- [           main] o.s.t.web.servlet.TestDispatcherServlet  : Initializing Servlet ''
2023-12-11T21:43:26.112-05:00  INFO 5476 --- [           main] o.s.t.web.servlet.TestDispatcherServlet  : Completed initialization in 1 ms
]]></system-out>
  </testcase>
  <testcase name="testGetStocksSucceed_NoStocksAdded" classname="com.StockMarket.APIStockMarket.Controller.MarketControllerTest" time="0.016">
    <system-out><![CDATA[2023-12-11T21:43:26.130-05:00  INFO 5476 --- [           main] o.s.b.t.m.w.SpringBootMockServletContext : Initializing Spring TestDispatcherServlet ''
2023-12-11T21:43:26.130-05:00  INFO 5476 --- [           main] o.s.t.web.servlet.TestDispatcherServlet  : Initializing Servlet ''
2023-12-11T21:43:26.131-05:00  INFO 5476 --- [           main] o.s.t.web.servlet.TestDispatcherServlet  : Completed initialization in 0 ms
]]></system-out>
  </testcase>
  <testcase name="testUpdateStock_LowerLimitInvalid" classname="com.StockMarket.APIStockMarket.Controller.MarketControllerTest" time="0.018">
    <system-out><![CDATA[2023-12-11T21:43:26.149-05:00  INFO 5476 --- [           main] o.s.b.t.m.w.SpringBootMockServletContext : Initializing Spring TestDispatcherServlet ''
2023-12-11T21:43:26.151-05:00  INFO 5476 --- [           main] o.s.t.web.servlet.TestDispatcherServlet  : Initializing Servlet ''
2023-12-11T21:43:26.154-05:00  INFO 5476 --- [           main] o.s.t.web.servlet.TestDispatcherServlet  : Completed initialization in 3 ms
]]></system-out>
  </testcase>
  <testcase name="testUpdateStock_StockIdMissing" classname="com.StockMarket.APIStockMarket.Controller.MarketControllerTest" time="0.025">
    <system-out><![CDATA[2023-12-11T21:43:26.174-05:00  INFO 5476 --- [           main] o.s.b.t.m.w.SpringBootMockServletContext : Initializing Spring TestDispatcherServlet ''
2023-12-11T21:43:26.175-05:00  INFO 5476 --- [           main] o.s.t.web.servlet.TestDispatcherServlet  : Initializing Servlet ''
2023-12-11T21:43:26.176-05:00  INFO 5476 --- [           main] o.s.t.web.servlet.TestDispatcherServlet  : Completed initialization in 1 ms
]]></system-out>
  </testcase>
  <testcase name="testDeleteStockSucceed" classname="com.StockMarket.APIStockMarket.Controller.MarketControllerTest" time="0.017">
    <system-out><![CDATA[2023-12-11T21:43:26.201-05:00  INFO 5476 --- [           main] o.s.b.t.m.w.SpringBootMockServletContext : Initializing Spring TestDispatcherServlet ''
2023-12-11T21:43:26.201-05:00  INFO 5476 --- [           main] o.s.t.web.servlet.TestDispatcherServlet  : Initializing Servlet ''
2023-12-11T21:43:26.204-05:00  INFO 5476 --- [           main] o.s.t.web.servlet.TestDispatcherServlet  : Completed initialization in 2 ms
]]></system-out>
  </testcase>
  <testcase name="testGetStocksSucceed_SamePrice" classname="com.StockMarket.APIStockMarket.Controller.MarketControllerTest" time="0.014">
    <system-out><![CDATA[2023-12-11T21:43:26.221-05:00  INFO 5476 --- [           main] o.s.b.t.m.w.SpringBootMockServletContext : Initializing Spring TestDispatcherServlet ''
2023-12-11T21:43:26.221-05:00  INFO 5476 --- [           main] o.s.t.web.servlet.TestDispatcherServlet  : Initializing Servlet ''
2023-12-11T21:43:26.222-05:00  INFO 5476 --- [           main] o.s.t.web.servlet.TestDispatcherServlet  : Completed initialization in 1 ms
]]></system-out>
  </testcase>
  <testcase name="testUpdateStock_LowerLimitStockDoesNotExist" classname="com.StockMarket.APIStockMarket.Controller.MarketControllerTest" time="0.017">
    <system-out><![CDATA[2023-12-11T21:43:26.239-05:00  INFO 5476 --- [           main] o.s.b.t.m.w.SpringBootMockServletContext : Initializing Spring TestDispatcherServlet ''
2023-12-11T21:43:26.239-05:00  INFO 5476 --- [           main] o.s.t.web.servlet.TestDispatcherServlet  : Initializing Servlet ''
2023-12-11T21:43:26.240-05:00  INFO 5476 --- [           main] o.s.t.web.servlet.TestDispatcherServlet  : Completed initialization in 1 ms
]]></system-out>
  </testcase>
  <testcase name="testDeleteStock_UserDoesNotExist" classname="com.StockMarket.APIStockMarket.Controller.MarketControllerTest" time="0.015">
    <system-out><![CDATA[2023-12-11T21:43:26.257-05:00  INFO 5476 --- [           main] o.s.b.t.m.w.SpringBootMockServletContext : Initializing Spring TestDispatcherServlet ''
2023-12-11T21:43:26.258-05:00  INFO 5476 --- [           main] o.s.t.web.servlet.TestDispatcherServlet  : Initializing Servlet ''
2023-12-11T21:43:26.259-05:00  INFO 5476 --- [           main] o.s.t.web.servlet.TestDispatcherServlet  : Completed initialization in 1 ms
]]></system-out>
  </testcase>
  <testcase name="testUpdateStock_ParametersMissing" classname="com.StockMarket.APIStockMarket.Controller.MarketControllerTest" time="0.016">
    <system-out><![CDATA[2023-12-11T21:43:26.282-05:00  INFO 5476 --- [           main] o.s.b.t.m.w.SpringBootMockServletContext : Initializing Spring TestDispatcherServlet ''
2023-12-11T21:43:26.283-05:00  INFO 5476 --- [           main] o.s.t.web.servlet.TestDispatcherServlet  : Initializing Servlet ''
2023-12-11T21:43:26.284-05:00  INFO 5476 --- [           main] o.s.t.web.servlet.TestDispatcherServlet  : Completed initialization in 1 ms
]]></system-out>
  </testcase>
  <testcase name="testUpdateStock_LimitNotNumeric" classname="com.StockMarket.APIStockMarket.Controller.MarketControllerTest" time="0.024">
    <system-out><![CDATA[2023-12-11T21:43:26.301-05:00  INFO 5476 --- [           main] o.s.b.t.m.w.SpringBootMockServletContext : Initializing Spring TestDispatcherServlet ''
2023-12-11T21:43:26.301-05:00  INFO 5476 --- [           main] o.s.t.web.servlet.TestDispatcherServlet  : Initializing Servlet ''
2023-12-11T21:43:26.302-05:00  INFO 5476 --- [           main] o.s.t.web.servlet.TestDispatcherServlet  : Completed initialization in 1 ms
]]></system-out>
  </testcase>
  <testcase name="testDeleteStock_StockDoesNotExist" classname="com.StockMarket.APIStockMarket.Controller.MarketControllerTest" time="0.014">
    <system-out><![CDATA[2023-12-11T21:43:26.330-05:00  INFO 5476 --- [           main] o.s.b.t.m.w.SpringBootMockServletContext : Initializing Spring TestDispatcherServlet ''
2023-12-11T21:43:26.330-05:00  INFO 5476 --- [           main] o.s.t.web.servlet.TestDispatcherServlet  : Initializing Servlet ''
2023-12-11T21:43:26.331-05:00  INFO 5476 --- [           main] o.s.t.web.servlet.TestDispatcherServlet  : Completed initialization in 1 ms
]]></system-out>
  </testcase>
  <testcase name="testUpdateStock_LimitParamMissing" classname="com.StockMarket.APIStockMarket.Controller.MarketControllerTest" time="0.013">
    <system-out><![CDATA[2023-12-11T21:43:26.349-05:00  INFO 5476 --- [           main] o.s.b.t.m.w.SpringBootMockServletContext : Initializing Spring TestDispatcherServlet ''
2023-12-11T21:43:26.350-05:00  INFO 5476 --- [           main] o.s.t.web.servlet.TestDispatcherServlet  : Initializing Servlet ''
2023-12-11T21:43:26.351-05:00  INFO 5476 --- [           main] o.s.t.web.servlet.TestDispatcherServlet  : Completed initialization in 1 ms
]]></system-out>
  </testcase>
  <testcase name="testAddStock_LowerLimitMissing" classname="com.StockMarket.APIStockMarket.Controller.MarketControllerTest" time="0.016">
    <system-out><![CDATA[2023-12-11T21:43:26.364-05:00  INFO 5476 --- [           main] o.s.b.t.m.w.SpringBootMockServletContext : Initializing Spring TestDispatcherServlet ''
2023-12-11T21:43:26.364-05:00  INFO 5476 --- [           main] o.s.t.web.servlet.TestDispatcherServlet  : Initializing Servlet ''
2023-12-11T21:43:26.365-05:00  INFO 5476 --- [           main] o.s.t.web.servlet.TestDispatcherServlet  : Completed initialization in 1 ms
]]></system-out>
  </testcase>
  <testcase name="testAddStockSucceed" classname="com.StockMarket.APIStockMarket.Controller.MarketControllerTest" time="0.018">
    <system-out><![CDATA[2023-12-11T21:43:26.386-05:00  INFO 5476 --- [           main] o.s.b.t.m.w.SpringBootMockServletContext : Initializing Spring TestDispatcherServlet ''
2023-12-11T21:43:26.386-05:00  INFO 5476 --- [           main] o.s.t.web.servlet.TestDispatcherServlet  : Initializing Servlet ''
2023-12-11T21:43:26.387-05:00  INFO 5476 --- [           main] o.s.t.web.servlet.TestDispatcherServlet  : Completed initialization in 1 ms
]]></system-out>
  </testcase>
  <testcase name="testGetStockById_UserStockDoesNotExist" classname="com.StockMarket.APIStockMarket.Controller.MarketControllerTest" time="0.015">
    <system-out><![CDATA[2023-12-11T21:43:26.407-05:00  INFO 5476 --- [           main] o.s.b.t.m.w.SpringBootMockServletContext : Initializing Spring TestDispatcherServlet ''
2023-12-11T21:43:26.407-05:00  INFO 5476 --- [           main] o.s.t.web.servlet.TestDispatcherServlet  : Initializing Servlet ''
2023-12-11T21:43:26.408-05:00  INFO 5476 --- [           main] o.s.t.web.servlet.TestDispatcherServlet  : Completed initialization in 1 ms
]]></system-out>
  </testcase>
  <testcase name="testGetStocksSucceed_NewPrice" classname="com.StockMarket.APIStockMarket.Controller.MarketControllerTest" time="0.014">
    <system-out><![CDATA[2023-12-11T21:43:26.424-05:00  INFO 5476 --- [           main] o.s.b.t.m.w.SpringBootMockServletContext : Initializing Spring TestDispatcherServlet ''
2023-12-11T21:43:26.424-05:00  INFO 5476 --- [           main] o.s.t.web.servlet.TestDispatcherServlet  : Initializing Servlet ''
2023-12-11T21:43:26.425-05:00  INFO 5476 --- [           main] o.s.t.web.servlet.TestDispatcherServlet  : Completed initialization in 1 ms
]]></system-out>
  </testcase>
  <testcase name="testUpdateStockSucceed_UpperLimit" classname="com.StockMarket.APIStockMarket.Controller.MarketControllerTest" time="0.02">
    <system-out><![CDATA[2023-12-11T21:43:26.442-05:00  INFO 5476 --- [           main] o.s.b.t.m.w.SpringBootMockServletContext : Initializing Spring TestDispatcherServlet ''
2023-12-11T21:43:26.442-05:00  INFO 5476 --- [           main] o.s.t.web.servlet.TestDispatcherServlet  : Initializing Servlet ''
2023-12-11T21:43:26.443-05:00  INFO 5476 --- [           main] o.s.t.web.servlet.TestDispatcherServlet  : Completed initialization in 1 ms
]]></system-out>
  </testcase>
  <testcase name="testUpdateStock_UpperLimitInvalid" classname="com.StockMarket.APIStockMarket.Controller.MarketControllerTest" time="0.017">
    <system-out><![CDATA[2023-12-11T21:43:26.464-05:00  INFO 5476 --- [           main] o.s.b.t.m.w.SpringBootMockServletContext : Initializing Spring TestDispatcherServlet ''
2023-12-11T21:43:26.464-05:00  INFO 5476 --- [           main] o.s.t.web.servlet.TestDispatcherServlet  : Initializing Servlet ''
2023-12-11T21:43:26.466-05:00  INFO 5476 --- [           main] o.s.t.web.servlet.TestDispatcherServlet  : Completed initialization in 2 ms
]]></system-out>
  </testcase>
  <testcase name="testGetStockById_StockDoesNotExist" classname="com.StockMarket.APIStockMarket.Controller.MarketControllerTest" time="0.013">
    <system-out><![CDATA[2023-12-11T21:43:26.484-05:00  INFO 5476 --- [           main] o.s.b.t.m.w.SpringBootMockServletContext : Initializing Spring TestDispatcherServlet ''
2023-12-11T21:43:26.484-05:00  INFO 5476 --- [           main] o.s.t.web.servlet.TestDispatcherServlet  : Initializing Servlet ''
2023-12-11T21:43:26.485-05:00  INFO 5476 --- [           main] o.s.t.web.servlet.TestDispatcherServlet  : Completed initialization in 1 ms
]]></system-out>
  </testcase>
  <testcase name="testUpdateStock_LimitParamInvalid" classname="com.StockMarket.APIStockMarket.Controller.MarketControllerTest" time="0.013">
    <system-out><![CDATA[2023-12-11T21:43:26.498-05:00  INFO 5476 --- [           main] o.s.b.t.m.w.SpringBootMockServletContext : Initializing Spring TestDispatcherServlet ''
2023-12-11T21:43:26.499-05:00  INFO 5476 --- [           main] o.s.t.web.servlet.TestDispatcherServlet  : Initializing Servlet ''
2023-12-11T21:43:26.500-05:00  INFO 5476 --- [           main] o.s.t.web.servlet.TestDispatcherServlet  : Completed initialization in 1 ms
]]></system-out>
  </testcase>
  <testcase name="testUpdateStock_ValueMissing" classname="com.StockMarket.APIStockMarket.Controller.MarketControllerTest" time="0.019">
    <system-out><![CDATA[2023-12-11T21:43:26.516-05:00  INFO 5476 --- [           main] o.s.b.t.m.w.SpringBootMockServletContext : Initializing Spring TestDispatcherServlet ''
2023-12-11T21:43:26.516-05:00  INFO 5476 --- [           main] o.s.t.web.servlet.TestDispatcherServlet  : Initializing Servlet ''
2023-12-11T21:43:26.518-05:00  INFO 5476 --- [           main] o.s.t.web.servlet.TestDispatcherServlet  : Completed initialization in 2 ms
]]></system-out>
  </testcase>
  <testcase name="testGetStockById_UserDoesNotExist" classname="com.StockMarket.APIStockMarket.Controller.MarketControllerTest" time="0.02">
    <system-out><![CDATA[2023-12-11T21:43:26.540-05:00  INFO 5476 --- [           main] o.s.b.t.m.w.SpringBootMockServletContext : Initializing Spring TestDispatcherServlet ''
2023-12-11T21:43:26.542-05:00  INFO 5476 --- [           main] o.s.t.web.servlet.TestDispatcherServlet  : Initializing Servlet ''
2023-12-11T21:43:26.546-05:00  INFO 5476 --- [           main] o.s.t.web.servlet.TestDispatcherServlet  : Completed initialization in 4 ms
]]></system-out>
  </testcase>
  <testcase name="testAddStock_UserDoesNotExist" classname="com.StockMarket.APIStockMarket.Controller.MarketControllerTest" time="0.02">
    <system-out><![CDATA[2023-12-11T21:43:26.565-05:00  INFO 5476 --- [           main] o.s.b.t.m.w.SpringBootMockServletContext : Initializing Spring TestDispatcherServlet ''
2023-12-11T21:43:26.565-05:00  INFO 5476 --- [           main] o.s.t.web.servlet.TestDispatcherServlet  : Initializing Servlet ''
2023-12-11T21:43:26.566-05:00  INFO 5476 --- [           main] o.s.t.web.servlet.TestDispatcherServlet  : Completed initialization in 0 ms
]]></system-out>
  </testcase>
  <testcase name="testAddStock_UpperLimitMissing" classname="com.StockMarket.APIStockMarket.Controller.MarketControllerTest" time="0.014">
    <system-out><![CDATA[2023-12-11T21:43:26.585-05:00  INFO 5476 --- [           main] o.s.b.t.m.w.SpringBootMockServletContext : Initializing Spring TestDispatcherServlet ''
2023-12-11T21:43:26.585-05:00  INFO 5476 --- [           main] o.s.t.web.servlet.TestDispatcherServlet  : Initializing Servlet ''
2023-12-11T21:43:26.586-05:00  INFO 5476 --- [           main] o.s.t.web.servlet.TestDispatcherServlet  : Completed initialization in 1 ms
]]></system-out>
  </testcase>
  <testcase name="testUpdateStock_UpperLimitStockDoesNotExist" classname="com.StockMarket.APIStockMarket.Controller.MarketControllerTest" time="0.014">
    <system-out><![CDATA[2023-12-11T21:43:26.601-05:00  INFO 5476 --- [           main] o.s.b.t.m.w.SpringBootMockServletContext : Initializing Spring TestDispatcherServlet ''
2023-12-11T21:43:26.601-05:00  INFO 5476 --- [           main] o.s.t.web.servlet.TestDispatcherServlet  : Initializing Servlet ''
2023-12-11T21:43:26.602-05:00  INFO 5476 --- [           main] o.s.t.web.servlet.TestDispatcherServlet  : Completed initialization in 1 ms
]]></system-out>
  </testcase>
  <testcase name="testUpdateStock_UpperLimitUserDoesNotExist" classname="com.StockMarket.APIStockMarket.Controller.MarketControllerTest" time="0.013">
    <system-out><![CDATA[2023-12-11T21:43:26.618-05:00  INFO 5476 --- [           main] o.s.b.t.m.w.SpringBootMockServletContext : Initializing Spring TestDispatcherServlet ''
2023-12-11T21:43:26.619-05:00  INFO 5476 --- [           main] o.s.t.web.servlet.TestDispatcherServlet  : Initializing Servlet ''
2023-12-11T21:43:26.620-05:00  INFO 5476 --- [           main] o.s.t.web.servlet.TestDispatcherServlet  : Completed initialization in 1 ms
]]></system-out>
  </testcase>
</testsuite>